Flutter crash report.
Please report a bug at https://github.com/flutter/flutter/issues.

## command

flutter run

## exception

FormatException: FormatException: Unexpected end of input (at character 1)

^


```
#0      _ChunkedJsonParser.fail (dart:convert-patch/convert_patch.dart:1467:5)
#1      _ChunkedJsonParser.close (dart:convert-patch/convert_patch.dart:497:7)
#2      _JsonStringDecoderSink.close (dart:convert-patch/convert_patch.dart:1564:13)
#3      _ConverterStreamEventSink.close (dart:convert/chunked_conversion.dart:79:18)
#4      _SinkTransformerStreamSubscription._handleDone (dart:async/stream_transformers.dart:136:24)
#5      _rootRun (dart:async/zone.dart:1517:47)
#6      _CustomZone.run (dart:async/zone.dart:1422:19)
#7      _CustomZone.runGuarded (dart:async/zone.dart:1321:7)
#8      _BufferingStreamSubscription._sendDone.sendDone (dart:async/stream_impl.dart:434:13)
#9      _BufferingStreamSubscription._sendDone (dart:async/stream_impl.dart:444:7)
#10     _BufferingStreamSubscription._close (dart:async/stream_impl.dart:333:7)
#11     _SinkTransformerStreamSubscription._close (dart:async/stream_transformers.dart:91:11)
#12     _EventSinkWrapper.close (dart:async/stream_transformers.dart:21:11)
#13     _StringAdapterSink.close (dart:convert/string_conversion.dart:241:11)
#14     _Utf8ConversionSink.close (dart:convert/string_conversion.dart:301:20)
#15     _ConverterStreamEventSink.close (dart:convert/chunked_conversion.dart:79:18)
#16     _SinkTransformerStreamSubscription._handleDone (dart:async/stream_transformers.dart:136:24)
#17     _rootRun (dart:async/zone.dart:1517:47)
#18     _CustomZone.run (dart:async/zone.dart:1422:19)
#19     _CustomZone.runGuarded (dart:async/zone.dart:1321:7)
#20     _BufferingStreamSubscription._sendDone.sendDone (dart:async/stream_impl.dart:434:13)
#21     _BufferingStreamSubscription._sendDone (dart:async/stream_impl.dart:444:7)
#22     _BufferingStreamSubscription._close (dart:async/stream_impl.dart:333:7)
#23     _SyncStreamControllerDispatch._sendDone (dart:async/stream_controller.dart:806:19)
#24     _StreamController._closeUnchecked (dart:async/stream_controller.dart:652:7)
#25     _StreamController.close (dart:async/stream_controller.dart:645:5)
#26     _Socket._onData (dart:io-patch/socket_patch.dart:2919:21)
#27     _rootRunUnary (dart:async/zone.dart:1546:13)
#28     _CustomZone.runUnary (dart:async/zone.dart:1429:19)
#29     _CustomZone.runUnaryGuarded (dart:async/zone.dart:1329:7)
#30     _BufferingStreamSubscription._sendData (dart:async/stream_impl.dart:381:11)
#31     _BufferingStreamSubscription._add (dart:async/stream_impl.dart:312:7)
#32     _SyncStreamControllerDispatch._sendData (dart:async/stream_controller.dart:798:19)
#33     _StreamController._add (dart:async/stream_controller.dart:663:7)
#34     _StreamController.add (dart:async/stream_controller.dart:618:5)
#35     new _RawSocket.<anonymous closure> (dart:io-patch/socket_patch.dart:2338:33)
#36     _NativeSocket.issueReadEvent.issue (dart:io-patch/socket_patch.dart:1648:18)
#37     _microtaskLoop (dart:async/schedule_microtask.dart:40:35)
#38     _startMicrotaskLoop (dart:async/schedule_microtask.dart:49:5)
#39     _runPendingImmediateCallback (dart:isolate-patch/isolate_patch.dart:127:13)
#40     _RawReceivePort._handleMessage (dart:isolate-patch/isolate_patch.dart:194:5)
```

## flutter doctor

```
[33m[!][39m Flutter (Channel stable, 3.35.2, on Microsoft Windows [Version 10.0.22631.5189], locale en-US) [4.4s]
    [32m•[39m Flutter version 3.35.2 on channel stable at C:\scr\flutter
    [33m![39m The dart binary is not on your path. Consider adding C:\scr\flutter\bin to your path.
    [32m•[39m Upstream repository https://github.com/flutter/flutter.git
    [32m•[39m Framework revision 05db968908 (6 weeks ago), 2025-08-25 10:21:35 -0700
    [32m•[39m Engine revision a8bfdfc394
    [32m•[39m Dart version 3.9.0
    [32m•[39m DevTools version 2.48.0
    [32m•[39m Feature flags: enable-web, enable-linux-desktop, enable-macos-desktop, enable-windows-desktop, enable-android, enable-ios, cli-animations, enable-lldb-debugging
    [32m•[39m If those were intentional, you can disregard the above warnings; however it is recommended to use "git" directly to perform update checks and upgrades.

[33m[!][39m Windows Version (Problem detected with Windows installation) [5.5s]
    [33m![39m Get-Process failed to complete

[32m[✓][39m Android toolchain - develop for Android devices (Android SDK version 35.0.1) [6.1s]
    [32m•[39m Android SDK at C:\Users\Abineethan\AppData\Local\Android\sdk
    [32m•[39m Emulator version 35.4.9.0 (build_id 13025442) (CL:N/A)
    [32m•[39m Platform android-35, build-tools 35.0.1
    [32m•[39m Java binary at: C:\Program Files\Android\Android Studio\jbr\bin\java
      This is the JDK bundled with the latest Android Studio installation on this machine.
      To manually set the JDK path, use: `flutter config --jdk-dir="path/to/jdk"`.
    [32m•[39m Java version OpenJDK Runtime Environment (build 21.0.5+-13047016-b750.29)
    [32m•[39m All Android licenses accepted.

[32m[✓][39m Chrome - develop for the web [7ms]
    [32m•[39m Chrome at C:\Program Files\Google\Chrome\Application\chrome.exe

[31m[✗][39m Visual Studio - develop Windows apps [7ms]
    [31m✗[39m Visual Studio not installed; this is necessary to develop Windows apps.
      Download at https://visualstudio.microsoft.com/downloads/.
      Please install the "Desktop development with C++" workload, including all of its default components

[33m[!][39m Android Studio (version 2024.3) [4ms]
    [32m•[39m Android Studio at C:\Program Files\Android\Android Studio
    [32m•[39m Flutter plugin can be installed from:
      🔨 https://plugins.jetbrains.com/plugin/9212-flutter
    [32m•[39m Dart plugin can be installed from:
      🔨 https://plugins.jetbrains.com/plugin/6351-dart
    [31m✗[39m Unable to determine bundled Java version.
    [32m•[39m Try updating or re-installing Android Studio.

[32m[✓][39m VS Code (version 1.104.3) [3ms]
    [32m•[39m VS Code at C:\Users\Abineethan\AppData\Local\Programs\Microsoft VS Code
    [32m•[39m Flutter extension version 3.120.0

[32m[✓][39m Connected device (3 available) [357ms]
    [32m•[39m Windows (desktop) • windows • windows-x64    • Microsoft Windows [Version 10.0.22631.5189]
    [32m•[39m Chrome (web)      • chrome  • web-javascript • Google Chrome 140.0.7339.208
    [32m•[39m Edge (web)        • edge    • web-javascript • Microsoft Edge 138.0.3351.121

[32m[✓][39m Network resources [843ms]
    [32m•[39m All expected network resources are available.

[33m![39m Doctor found issues in 4 categories.
```
