Flutter crash report.
Please report a bug at https://github.com/flutter/flutter/issues.

## command

flutter run

## exception

ShaderCompilerException: ShaderCompilerException: Shader compilation of "C:\scr\flutter\packages\flutter\lib\src\material\shaders\ink_sparkle.frag" to "build\flutter_assets\shaders/ink_sparkle.frag" failed with exit code -1073741819.
impellerc stdout:

impellerc stderr:




```
#0      ShaderCompiler.compileShader (package:flutter_tools/src/build_system/tools/shader_compiler.dart:196:9)
<asynchronous suspension>
#1      writeBundle.<anonymous closure> (package:flutter_tools/src/bundle_builder.dart:214:25)
<asynchronous suspension>
#2      Future.wait.<anonymous closure> (dart:async/future.dart:525:21)
<asynchronous suspension>
#3      writeBundle (package:flutter_tools/src/bundle_builder.dart:177:3)
<asynchronous suspension>
#4      WebDevFS.update (package:flutter_tools/src/isolated/devfs_web.dart:348:9)
<asynchronous suspension>
#5      ResidentWebRunner._updateDevFS (package:flutter_tools/src/isolated/resident_web_runner.dart:762:35)
<asynchronous suspension>
#6      ResidentWebRunner.run.<anonymous closure> (package:flutter_tools/src/isolated/resident_web_runner.dart:360:41)
<asynchronous suspension>
#7      asyncGuard.<anonymous closure> (package:flutter_tools/src/base/async_guard.dart:108:24)
<asynchronous suspension>
```

## flutter doctor

```
[32m[✓][39m Flutter (Channel stable, 3.35.2, on Microsoft Windows [Version 10.0.22631.5189], locale en-US) [259ms]
    [32m•[39m Flutter version 3.35.2 on channel stable at C:\scr\flutter
    [32m•[39m Upstream repository https://github.com/flutter/flutter.git
    [32m•[39m Framework revision 05db968908 (6 weeks ago), 2025-08-25 10:21:35 -0700
    [32m•[39m Engine revision a8bfdfc394
    [32m•[39m Dart version 3.9.0
    [32m•[39m DevTools version 2.48.0
    [32m•[39m Feature flags: enable-web, enable-linux-desktop, enable-macos-desktop, enable-windows-desktop, enable-android, enable-ios, cli-animations, enable-lldb-debugging

[33m[!][39m Windows Version (Problem detected with Windows installation) [5.1s]
    [33m![39m Get-Process failed to complete

[32m[✓][39m Android toolchain - develop for Android devices (Android SDK version 35.0.1) [4.6s]
    [32m•[39m Android SDK at C:\Users\Abineethan\AppData\Local\Android\sdk
    [32m•[39m Emulator version 35.4.9.0 (build_id 13025442) (CL:N/A)
    [32m•[39m Platform android-35, build-tools 35.0.1
    [32m•[39m Java binary at: C:\Program Files\Android\Android Studio\jbr\bin\java
      This is the JDK bundled with the latest Android Studio installation on this machine.
      To manually set the JDK path, use: `flutter config --jdk-dir="path/to/jdk"`.
    [32m•[39m Java version OpenJDK Runtime Environment (build 21.0.5+-13047016-b750.29)
    [32m•[39m All Android licenses accepted.

[32m[✓][39m Chrome - develop for the web [9ms]
    [32m•[39m Chrome at C:\Program Files\Google\Chrome\Application\chrome.exe

[31m[✗][39m Visual Studio - develop Windows apps [9ms]
    [31m✗[39m Visual Studio not installed; this is necessary to develop Windows apps.
      Download at https://visualstudio.microsoft.com/downloads/.
      Please install the "Desktop development with C++" workload, including all of its default components

[33m[!][39m Android Studio (version 2024.3) [6ms]
    [32m•[39m Android Studio at C:\Program Files\Android\Android Studio
    [32m•[39m Flutter plugin can be installed from:
      🔨 https://plugins.jetbrains.com/plugin/9212-flutter
    [32m•[39m Dart plugin can be installed from:
      🔨 https://plugins.jetbrains.com/plugin/6351-dart
    [31m✗[39m Unable to determine bundled Java version.
    [32m•[39m Try updating or re-installing Android Studio.

[32m[✓][39m VS Code (version 1.104.3) [4ms]
    [32m•[39m VS Code at C:\Users\Abineethan\AppData\Local\Programs\Microsoft VS Code
    [32m•[39m Flutter extension version 3.120.0

[32m[✓][39m Connected device (3 available) [262ms]
    [32m•[39m Windows (desktop) • windows • windows-x64    • Microsoft Windows [Version 10.0.22631.5189]
    [32m•[39m Chrome (web)      • chrome  • web-javascript • Google Chrome 140.0.7339.208
    [32m•[39m Edge (web)        • edge    • web-javascript • Microsoft Edge 138.0.3351.121

[32m[✓][39m Network resources [788ms]
    [32m•[39m All expected network resources are available.

[33m![39m Doctor found issues in 3 categories.
```
